<?xml version="1.0" encoding="UTF-8"?>
<!-- Generated by org.testng.reporters.JUnitReportReporter -->
<testsuite hostname="Admins-MacBook-Pro.local" failures="0" tests="1" name="de.ptest.testci" time="47.794" errors="0" timestamp="8 Apr 2018 11:29:37 GMT">
  <testcase classname="de.ptest.testci" name="pureThoughts" time="47.794"/>
</testsuite> <!-- de.ptest.testci -->
